<?xml version="1.0" encoding="UTF-8"?>
<testng-results ignored="0" total="1" passed="1" failed="0" skipped="0">
  <reporter-output>
  </reporter-output>
  <suite started-at="2025-01-30T16:01:12 IST" name="Surefire suite" finished-at="2025-01-30T16:01:12 IST" duration-ms="31">
    <groups>
    </groups>
    <test started-at="2025-01-30T16:01:12 IST" name="Surefire test" finished-at="2025-01-30T16:01:12 IST" duration-ms="31">
      <class name="com.automation.TestNGTest">
        <test-method is-config="true" signature="setUp()[pri:0, instance:com.automation.TestNGTest@3b2da18f]" started-at="2025-01-30T16:01:12 IST" name="setUp" finished-at="2025-01-30T16:01:12 IST" duration-ms="4" status="PASS">
          <reporter-output>
          </reporter-output>
        </test-method> <!-- setUp -->
        <test-method signature="testSearch()[pri:0, instance:com.automation.TestNGTest@3b2da18f]" started-at="2025-01-30T16:01:12 IST" name="testSearch" finished-at="2025-01-30T16:01:12 IST" duration-ms="1" status="PASS">
          <reporter-output>
          </reporter-output>
        </test-method> <!-- testSearch -->
        <test-method is-config="true" signature="tearDown()[pri:0, instance:com.automation.TestNGTest@3b2da18f]" started-at="2025-01-30T16:01:12 IST" name="tearDown" finished-at="2025-01-30T16:01:12 IST" duration-ms="1" status="PASS">
          <reporter-output>
          </reporter-output>
        </test-method> <!-- tearDown -->
      </class> <!-- com.automation.TestNGTest -->
    </test> <!-- Surefire test -->
  </suite> <!-- Surefire suite -->
</testng-results>
